103.12.08 17:08 B F:\FracLab_courant\Help\matlab-help\help_1D_exponents.m --> ftp.ec-nantes.fr /incoming/Olivier help_1D_exponents.m
103.12.08 17:08 B F:\FracLab_courant\Help\matlab-help\help_1D_spectra.m --> ftp.ec-nantes.fr /incoming/Olivier help_1D_spectra.m
103.12.08 17:08 B F:\FracLab_courant\Help\matlab-help\help_aidegen.m --> ftp.ec-nantes.fr /incoming/Olivier help_aidegen.m
103.12.08 17:08 B F:\FracLab_courant\Help\matlab-help\help_denoising.m --> ftp.ec-nantes.fr /incoming/Olivier help_denoising.m
103.12.08 17:08 B F:\FracLab_courant\Help\matlab-help\help_fdim.m --> ftp.ec-nantes.fr /incoming/Olivier help_fdim.m
103.12.08 17:08 B F:\FracLab_courant\Help\matlab-help\help_misc.m --> ftp.ec-nantes.fr /incoming/Olivier help_misc.m
103.12.08 17:08 B F:\FracLab_courant\Help\matlab-help\help_segmentation.m --> ftp.ec-nantes.fr /incoming/Olivier help_segmentation.m
103.12.08 17:08 B F:\FracLab_courant\Help\matlab-help\help_stable_motion.m --> ftp.ec-nantes.fr /incoming/Olivier help_stable_motion.m
103.12.08 17:08 B F:\FracLab_courant\Help\matlab-help\help_synthesis.m --> ftp.ec-nantes.fr /incoming/Olivier help_synthesis.m
103.12.08 17:08 B F:\FracLab_courant\Help\matlab-help\help_TFTS.m --> ftp.ec-nantes.fr /incoming/Olivier help_TFTS.m
103.12.08 17:08 B F:\FracLab_courant\Help\matlab-help\help_fl_mms.m --> ftp.ec-nantes.fr /incoming/Olivier help_fl_mms.m
103.12.08 17:08 B F:\FracLab_courant\Help\matlab-help\help_fl_ldse.m --> ftp.ec-nantes.fr /incoming/Olivier help_fl_ldse.m
103.12.08 17:08 B F:\FracLab_courant\Help\matlab-help\help_view.m --> ftp.ec-nantes.fr /incoming/Olivier help_view.m
103.12.08 17:08 B F:\FracLab_courant\Help\matlab-help\aide_ml2spectrum.m --> ftp.ec-nantes.fr /incoming/Olivier aide_ml2spectrum.m
103.12.08 17:08 B F:\FracLab_courant\Help\matlab-help\aide_ml2frontier.m --> ftp.ec-nantes.fr /incoming/Olivier aide_ml2frontier.m
103.12.08 17:08 B F:\FracLab_courant\Help\matlab-help\gui_fl_boxdim_help.m --> ftp.ec-nantes.fr /incoming/Olivier gui_fl_boxdim_help.m
103.12.08 17:08 B F:\FracLab_courant\Help\matlab-help\gui_fl_dimR_help.m --> ftp.ec-nantes.fr /incoming/Olivier gui_fl_dimR_help.m
103.12.08 17:08 B F:\FracLab_courant\Help\matlab-help\gui_fl_hexposc_help.m --> ftp.ec-nantes.fr /incoming/Olivier gui_fl_hexposc_help.m
105.01.03 14:57 B F:\Dossier_FRACLAB2\FracLab2\Help\matlab-help\help_1D_exponents.m --> ftp.ec-nantes.fr /incoming/Olivier/Help/matlab-help help_1D_exponents.m
105.01.03 14:57 B F:\Dossier_FRACLAB2\FracLab2\Help\matlab-help\help_1D_spectra.m --> ftp.ec-nantes.fr /incoming/Olivier/Help/matlab-help help_1D_spectra.m
105.01.03 14:57 B F:\Dossier_FRACLAB2\FracLab2\Help\matlab-help\help_aidegen.m --> ftp.ec-nantes.fr /incoming/Olivier/Help/matlab-help help_aidegen.m
105.01.03 14:57 B F:\Dossier_FRACLAB2\FracLab2\Help\matlab-help\help_denoising.m --> ftp.ec-nantes.fr /incoming/Olivier/Help/matlab-help help_denoising.m
105.01.03 14:57 B F:\Dossier_FRACLAB2\FracLab2\Help\matlab-help\help_fdim.m --> ftp.ec-nantes.fr /incoming/Olivier/Help/matlab-help help_fdim.m
105.01.03 14:57 B F:\Dossier_FRACLAB2\FracLab2\Help\matlab-help\help_misc.m --> ftp.ec-nantes.fr /incoming/Olivier/Help/matlab-help help_misc.m
105.01.03 14:57 B F:\Dossier_FRACLAB2\FracLab2\Help\matlab-help\help_segmentation.m --> ftp.ec-nantes.fr /incoming/Olivier/Help/matlab-help help_segmentation.m
105.01.03 14:57 B F:\Dossier_FRACLAB2\FracLab2\Help\matlab-help\help_stable_motion.m --> ftp.ec-nantes.fr /incoming/Olivier/Help/matlab-help help_stable_motion.m
105.01.03 14:57 B F:\Dossier_FRACLAB2\FracLab2\Help\matlab-help\help_synthesis.m --> ftp.ec-nantes.fr /incoming/Olivier/Help/matlab-help help_synthesis.m
105.01.03 14:57 B F:\Dossier_FRACLAB2\FracLab2\Help\matlab-help\help_TFTS.m --> ftp.ec-nantes.fr /incoming/Olivier/Help/matlab-help help_TFTS.m
105.01.03 14:57 B F:\Dossier_FRACLAB2\FracLab2\Help\matlab-help\help_fl_mms.m --> ftp.ec-nantes.fr /incoming/Olivier/Help/matlab-help help_fl_mms.m
105.01.03 14:57 B F:\Dossier_FRACLAB2\FracLab2\Help\matlab-help\help_fl_ldse.m --> ftp.ec-nantes.fr /incoming/Olivier/Help/matlab-help help_fl_ldse.m
105.01.03 14:57 B F:\Dossier_FRACLAB2\FracLab2\Help\matlab-help\help_view.m --> ftp.ec-nantes.fr /incoming/Olivier/Help/matlab-help help_view.m
105.01.03 14:57 B F:\Dossier_FRACLAB2\FracLab2\Help\matlab-help\aide_ml2spectrum.m --> ftp.ec-nantes.fr /incoming/Olivier/Help/matlab-help aide_ml2spectrum.m
105.01.03 14:57 B F:\Dossier_FRACLAB2\FracLab2\Help\matlab-help\aide_ml2frontier.m --> ftp.ec-nantes.fr /incoming/Olivier/Help/matlab-help aide_ml2frontier.m
105.01.03 14:57 B F:\Dossier_FRACLAB2\FracLab2\Help\matlab-help\gui_fl_boxdim_help.m --> ftp.ec-nantes.fr /incoming/Olivier/Help/matlab-help gui_fl_boxdim_help.m
105.01.03 14:57 B F:\Dossier_FRACLAB2\FracLab2\Help\matlab-help\gui_fl_dimR_help.m --> ftp.ec-nantes.fr /incoming/Olivier/Help/matlab-help gui_fl_dimR_help.m
105.01.03 14:57 B F:\Dossier_FRACLAB2\FracLab2\Help\matlab-help\gui_fl_hexposc_help.m --> ftp.ec-nantes.fr /incoming/Olivier/Help/matlab-help gui_fl_hexposc_help.m
105.01.03 14:57 B F:\Dossier_FRACLAB2\FracLab2\Help\matlab-help\ws_ftp.log --> ftp.ec-nantes.fr /incoming/Olivier/Help/matlab-help ws_ftp.log
