103.12.08 17:08 B F:\FracLab_courant\Help\post-script\help_1D_exponents.ps --> ftp.ec-nantes.fr /incoming/Olivier/post-script help_1D_exponents.ps
103.12.08 17:08 B F:\FracLab_courant\Help\post-script\help_1D_spectra.ps --> ftp.ec-nantes.fr /incoming/Olivier/post-script help_1D_spectra.ps
103.12.08 17:08 B F:\FracLab_courant\Help\post-script\help_aidegen.ps --> ftp.ec-nantes.fr /incoming/Olivier/post-script help_aidegen.ps
103.12.08 17:08 B F:\FracLab_courant\Help\post-script\help_denoising.ps --> ftp.ec-nantes.fr /incoming/Olivier/post-script help_denoising.ps
103.12.08 17:08 B F:\FracLab_courant\Help\post-script\help_fdim.ps --> ftp.ec-nantes.fr /incoming/Olivier/post-script help_fdim.ps
103.12.08 17:08 B F:\FracLab_courant\Help\post-script\help_misc.ps --> ftp.ec-nantes.fr /incoming/Olivier/post-script help_misc.ps
103.12.08 17:08 B F:\FracLab_courant\Help\post-script\help_segmentation.ps --> ftp.ec-nantes.fr /incoming/Olivier/post-script help_segmentation.ps
103.12.08 17:08 B F:\FracLab_courant\Help\post-script\help_stable_motion.ps --> ftp.ec-nantes.fr /incoming/Olivier/post-script help_stable_motion.ps
103.12.08 17:08 B F:\FracLab_courant\Help\post-script\help_synthesis.ps --> ftp.ec-nantes.fr /incoming/Olivier/post-script help_synthesis.ps
103.12.08 17:08 B F:\FracLab_courant\Help\post-script\help_TFTS.ps --> ftp.ec-nantes.fr /incoming/Olivier/post-script help_TFTS.ps
103.12.08 17:08 B F:\FracLab_courant\Help\post-script\help_denoising.pdf --> ftp.ec-nantes.fr /incoming/Olivier/post-script help_denoising.pdf
103.12.08 17:08 B F:\FracLab_courant\Help\post-script\help_aidegen.pdf --> ftp.ec-nantes.fr /incoming/Olivier/post-script help_aidegen.pdf
105.01.03 14:57 B F:\Dossier_FRACLAB2\FracLab2\Help\post-script\help_1D_exponents.ps --> ftp.ec-nantes.fr /incoming/Olivier/Help/post-script help_1D_exponents.ps
105.01.03 14:57 B F:\Dossier_FRACLAB2\FracLab2\Help\post-script\help_1D_spectra.ps --> ftp.ec-nantes.fr /incoming/Olivier/Help/post-script help_1D_spectra.ps
105.01.03 14:57 B F:\Dossier_FRACLAB2\FracLab2\Help\post-script\help_aidegen.ps --> ftp.ec-nantes.fr /incoming/Olivier/Help/post-script help_aidegen.ps
105.01.03 14:57 B F:\Dossier_FRACLAB2\FracLab2\Help\post-script\help_denoising.ps --> ftp.ec-nantes.fr /incoming/Olivier/Help/post-script help_denoising.ps
105.01.03 14:57 B F:\Dossier_FRACLAB2\FracLab2\Help\post-script\help_fdim.ps --> ftp.ec-nantes.fr /incoming/Olivier/Help/post-script help_fdim.ps
105.01.03 14:57 B F:\Dossier_FRACLAB2\FracLab2\Help\post-script\help_misc.ps --> ftp.ec-nantes.fr /incoming/Olivier/Help/post-script help_misc.ps
105.01.03 14:57 B F:\Dossier_FRACLAB2\FracLab2\Help\post-script\help_segmentation.ps --> ftp.ec-nantes.fr /incoming/Olivier/Help/post-script help_segmentation.ps
105.01.03 14:57 B F:\Dossier_FRACLAB2\FracLab2\Help\post-script\help_stable_motion.ps --> ftp.ec-nantes.fr /incoming/Olivier/Help/post-script help_stable_motion.ps
105.01.03 14:57 B F:\Dossier_FRACLAB2\FracLab2\Help\post-script\help_synthesis.ps --> ftp.ec-nantes.fr /incoming/Olivier/Help/post-script help_synthesis.ps
105.01.03 14:57 B F:\Dossier_FRACLAB2\FracLab2\Help\post-script\help_TFTS.ps --> ftp.ec-nantes.fr /incoming/Olivier/Help/post-script help_TFTS.ps
105.01.03 14:57 B F:\Dossier_FRACLAB2\FracLab2\Help\post-script\help_denoising.pdf --> ftp.ec-nantes.fr /incoming/Olivier/Help/post-script help_denoising.pdf
105.01.03 14:57 B F:\Dossier_FRACLAB2\FracLab2\Help\post-script\help_aidegen.pdf --> ftp.ec-nantes.fr /incoming/Olivier/Help/post-script help_aidegen.pdf
105.01.03 14:57 B F:\Dossier_FRACLAB2\FracLab2\Help\post-script\ws_ftp.log --> ftp.ec-nantes.fr /incoming/Olivier/Help/post-script ws_ftp.log
